{
  event = "msg_showcmd",
  kind = {}
}
{
  event = "msg_showcmd",
  kind = { { 0, "gj", 0 } }
}
{
  event = "msg_showcmd",
  kind = {}
}
{
  event = "msg_showcmd",
  kind = { { 0, "gk", 0 } }
}
{
  event = "msg_showcmd",
  kind = {}
}
{
  event = "msg_showcmd",
  kind = { { 0, "gj", 0 } }
}
{
  event = "msg_showcmd",
  kind = {}
}
{
  event = "msg_showcmd",
  kind = { { 0, "gj", 0 } }
}
{
  event = "msg_showcmd",
  kind = {}
}
{
  event = "msg_showcmd",
  kind = { { 0, "gj", 0 } }
}
{
  event = "msg_showcmd",
  kind = {}
}
{
  event = "msg_showcmd",
  kind = { { 0, "gj", 0 } }
}
{
  event = "msg_showcmd",
  kind = {}
}
{
  event = "msg_showcmd",
  kind = { { 0, "gj", 0 } }
}
{
  event = "msg_showcmd",
  kind = {}
}
{
  event = "msg_showcmd",
  kind = { { 0, "gj", 0 } }
}
{
  event = "msg_showcmd",
  kind = {}
}
{
  event = "msg_showcmd",
  kind = { { 0, "gj", 0 } }
}
{
  event = "msg_showcmd",
  kind = {}
}
{
  event = "msg_showcmd",
  kind = { { 0, "gj", 0 } }
}
{
  event = "msg_showcmd",
  kind = {}
}
{
  event = "msg_showcmd",
  kind = { { 0, "gj", 0 } }
}
{
  event = "msg_showcmd",
  kind = {}
}
{
  event = "msg_showcmd",
  kind = { { 0, "gj", 0 } }
}
{
  event = "msg_showcmd",
  kind = {}
}
{
  event = "msg_showcmd",
  kind = { { 0, "gj", 0 } }
}
{
  event = "msg_showcmd",
  kind = {}
}
{
  event = "msg_showcmd",
  kind = { { 0, "gj", 0 } }
}
{
  event = "msg_showcmd",
  kind = {}
}
{
  event = "msg_showcmd",
  kind = { { 0, "gj", 0 } }
}
{
  event = "msg_showcmd",
  kind = {}
}
{
  event = "msg_showcmd",
  kind = { { 0, "gj", 0 } }
}
{
  event = "msg_showcmd",
  kind = {}
}
{
  event = "msg_showcmd",
  kind = { { 0, "gj", 0 } }
}
{
  event = "msg_showcmd",
  kind = {}
}
{
  event = "msg_showcmd",
  kind = { { 0, "gj", 0 } }
}
{
  event = "msg_showcmd",
  kind = {}
}
{
  event = "msg_showcmd",
  kind = { { 0, "gj", 0 } }
}
{
  event = "msg_showcmd",
  kind = {}
}
{
  event = "msg_showcmd",
  kind = { { 0, "gj", 0 } }
}
{
  event = "msg_showcmd",
  kind = {}
}
{
  event = "msg_showcmd",
  kind = { { 0, "gj", 0 } }
}
{
  event = "msg_showcmd",
  kind = {}
}
{
  event = "msg_showcmd",
  kind = { { 0, "gj", 0 } }
}
{
  event = "msg_showcmd",
  kind = {}
}
{
  event = "msg_showcmd",
  kind = { { 0, "gj", 0 } }
}
{
  event = "msg_showcmd",
  kind = {}
}
{
  event = "msg_showcmd",
  kind = { { 0, "gj", 0 } }
}
{
  event = "msg_showcmd",
  kind = {}
}
{
  event = "msg_showcmd",
  kind = { { 0, "gj", 0 } }
}
{
  event = "msg_showcmd",
  kind = {}
}
{
  event = "msg_showcmd",
  kind = { { 0, "gj", 0 } }
}
{
  event = "msg_showcmd",
  kind = {}
}
{
  event = "msg_showcmd",
  kind = { { 0, "gj", 0 } }
}
{
  event = "msg_showcmd",
  kind = {}
}
{
  event = "msg_showcmd",
  kind = { { 0, "gj", 0 } }
}
{
  event = "msg_showcmd",
  kind = {}
}
{
  event = "msg_showcmd",
  kind = { { 0, "gj", 0 } }
}
{
  event = "msg_showcmd",
  kind = {}
}
{
  event = "msg_showcmd",
  kind = { { 0, "gj", 0 } }
}
{
  event = "msg_showcmd",
  kind = {}
}
{
  event = "msg_showcmd",
  kind = { { 0, "gj", 0 } }
}
{
  event = "msg_showcmd",
  kind = {}
}
{
  event = "msg_showcmd",
  kind = { { 0, "gj", 0 } }
}
{
  event = "msg_showcmd",
  kind = {}
}
{
  event = "msg_showcmd",
  kind = { { 0, "gj", 0 } }
}
{
  event = "msg_showcmd",
  kind = {}
}
{
  event = "msg_showcmd",
  kind = { { 0, "gj", 0 } }
}
{
  event = "msg_showcmd",
  kind = {}
}
{
  event = "msg_showcmd",
  kind = { { 0, "gj", 0 } }
}
{
  event = "msg_showcmd",
  kind = {}
}
{
  event = "msg_showcmd",
  kind = { { 0, "gj", 0 } }
}
{
  event = "msg_showcmd",
  kind = {}
}
{
  event = "msg_showcmd",
  kind = { { 0, "gj", 0 } }
}
{
  event = "msg_showcmd",
  kind = {}
}
{
  event = "msg_showcmd",
  kind = { { 0, "gk", 0 } }
}
{
  event = "msg_showcmd",
  kind = {}
}
{
  event = "msg_showcmd",
  kind = { { 0, "gk", 0 } }
}
{
  event = "msg_showcmd",
  kind = {}
}
{
  event = "msg_showcmd",
  kind = { { 0, "gk", 0 } }
}
{
  event = "msg_showcmd",
  kind = {}
}
{
  event = "msg_showcmd",
  kind = { { 0, "gk", 0 } }
}
{
  event = "msg_showcmd",
  kind = {}
}
{
  event = "msg_showcmd",
  kind = { { 0, "gk", 0 } }
}
{
  event = "msg_showcmd",
  kind = {}
}
{
  event = "msg_showcmd",
  kind = { { 0, "gk", 0 } }
}
{
  event = "msg_showcmd",
  kind = {}
}
{
  event = "msg_showcmd",
  kind = { { 0, "gk", 0 } }
}
{
  event = "msg_showcmd",
  kind = {}
}
{
  event = "msg_showcmd",
  kind = { { 0, "gk", 0 } }
}
{
  event = "msg_showcmd",
  kind = {}
}
{
  event = "msg_showcmd",
  kind = { { 0, "gk", 0 } }
}
{
  event = "msg_showcmd",
  kind = {}
}
{
  event = "msg_showcmd",
  kind = { { 0, "gk", 0 } }
}
{
  event = "msg_showcmd",
  kind = {}
}
{
  event = "msg_showcmd",
  kind = { { 0, "gk", 0 } }
}
{
  event = "msg_showcmd",
  kind = {}
}
{
  event = "msg_showcmd",
  kind = { { 0, "a", 0 } }
}
{
  event = "msg_showcmd",
  kind = {}
}
{ { { 0, '"src/features/auth/screens/RegisterScreen.tsx" ', 0 } }, false, false,
  event = "msg_show",
  kind = "bufwrite"
}
{ { { 0, '"src/features/auth/screens/RegisterScreen.tsx" 178L, 5315B', 0 } }, true, true,
  event = "msg_show",
  kind = "bufwrite"
}
{
  event = "msg_showcmd",
  kind = { { 0, "^[", 0 } }
}
{
  event = "msg_showcmd",
  kind = {}
}
{
  event = "msg_showcmd",
  kind = { { 0, "gj", 0 } }
}
{
  event = "msg_showcmd",
  kind = {}
}
{
  event = "msg_showcmd",
  kind = { { 0, "gj", 0 } }
}
{
  event = "msg_showcmd",
  kind = {}
}
{
  event = "msg_showcmd",
  kind = { { 0, "gj", 0 } }
}
{
  event = "msg_showcmd",
  kind = {}
}
{
  event = "msg_showcmd",
  kind = { { 0, "gj", 0 } }
}
{
  event = "msg_showcmd",
  kind = {}
}
{
  event = "msg_showcmd",
  kind = { { 0, "gj", 0 } }
}
{
  event = "msg_showcmd",
  kind = {}
}
{
  event = "msg_showcmd",
  kind = { { 0, "gj", 0 } }
}
{
  event = "msg_showcmd",
  kind = {}
}
{
  event = "msg_showcmd",
  kind = { { 0, "gj", 0 } }
}
{
  event = "msg_showcmd",
  kind = {}
}
{
  event = "msg_showcmd",
  kind = { { 0, "gj", 0 } }
}
{
  event = "msg_showcmd",
  kind = {}
}
{
  event = "msg_showcmd",
  kind = { { 0, "gj", 0 } }
}
{
  event = "msg_showcmd",
  kind = {}
}
{
  event = "msg_showcmd",
  kind = { { 0, "gj", 0 } }
}
{
  event = "msg_showcmd",
  kind = {}
}
{
  event = "msg_showcmd",
  kind = { { 0, "gj", 0 } }
}
{
  event = "msg_showcmd",
  kind = {}
}
{
  event = "msg_showcmd",
  kind = { { 0, "gj", 0 } }
}
{
  event = "msg_showcmd",
  kind = {}
}
{
  event = "msg_showcmd",
  kind = { { 0, "gj", 0 } }
}
{
  event = "msg_showcmd",
  kind = {}
}
{
  event = "msg_showcmd",
  kind = { { 0, "gj", 0 } }
}
{
  event = "msg_showcmd",
  kind = {}
}
{
  event = "msg_showcmd",
  kind = { { 0, "gj", 0 } }
}
{
  event = "msg_showcmd",
  kind = {}
}
{
  event = "msg_showcmd",
  kind = { { 0, "gk", 0 } }
}
{
  event = "msg_showcmd",
  kind = {}
}
{
  event = "msg_showcmd",
  kind = { { 0, "gk", 0 } }
}
{
  event = "msg_showcmd",
  kind = {}
}
{
  event = "msg_showcmd",
  kind = { { 0, "gk", 0 } }
}
{
  event = "msg_showcmd",
  kind = {}
}
{
  event = "msg_showcmd",
  kind = { { 0, "gk", 0 } }
}
{
  event = "msg_showcmd",
  kind = {}
}
{
  event = "msg_showcmd",
  kind = { { 0, "gk", 0 } }
}
{
  event = "msg_showcmd",
  kind = {}
}
{
  event = "msg_showcmd",
  kind = { { 0, "gk", 0 } }
}
{
  event = "msg_showcmd",
  kind = {}
}
{
  event = "msg_showcmd",
  kind = { { 0, "gj", 0 } }
}
{
  event = "msg_showcmd",
  kind = {}
}
{
  event = "msg_showcmd",
  kind = { { 0, "gk", 0 } }
}
{
  event = "msg_showcmd",
  kind = {}
}
{
  event = "msg_showcmd",
  kind = { { 0, "gj", 0 } }
}
{
  event = "msg_showcmd",
  kind = {}
}
{
  event = "msg_showcmd",
  kind = { { 0, "e", 0 } }
}
{
  event = "msg_showcmd",
  kind = {}
}
{
  event = "msg_showcmd",
  kind = { { 0, "e", 0 } }
}
{
  event = "msg_showcmd",
  kind = {}
}
{
  event = "msg_showcmd",
  kind = { { 0, "e", 0 } }
}
{
  event = "msg_showcmd",
  kind = {}
}
{
  event = "msg_showcmd",
  kind = { { 0, "e", 0 } }
}
{
  event = "msg_showcmd",
  kind = {}
}
{
  event = "msg_showcmd",
  kind = { { 0, "e", 0 } }
}
{
  event = "msg_showcmd",
  kind = {}
}
{
  event = "msg_showcmd",
  kind = { { 0, "e", 0 } }
}
{
  event = "msg_showcmd",
  kind = {}
}
{
  event = "msg_showcmd",
  kind = { { 0, "e", 0 } }
}
{
  event = "msg_showcmd",
  kind = {}
}
{
  event = "msg_showcmd",
  kind = { { 0, "e", 0 } }
}
{
  event = "msg_showcmd",
  kind = {}
}
{
  event = "msg_showcmd",
  kind = { { 0, "e", 0 } }
}
{
  event = "msg_showcmd",
  kind = {}
}
{
  event = "msg_showcmd",
  kind = { { 0, "e", 0 } }
}
{
  event = "msg_showcmd",
  kind = {}
}
{
  event = "msg_showcmd",
  kind = { { 0, "e", 0 } }
}
{
  event = "msg_showcmd",
  kind = {}
}
{
  event = "msg_showcmd",
  kind = { { 0, "e", 0 } }
}
{
  event = "msg_showcmd",
  kind = {}
}
{
  event = "msg_showcmd",
  kind = { { 0, "v", 0 } }
}
{
  event = "msg_showcmd",
  kind = { { 0, "1", 0 } }
}
{
  event = "msg_showcmd",
  kind = {}
}
{
  event = "msg_showcmd",
  kind = { { 0, "~@k", 0 } }
}
{
  event = "msg_showcmd",
  kind = { { 0, "2", 0 } }
}
{
  event = "msg_showcmd",
  kind = { { 0, "2", 0 } }
}
{
  event = "msg_showcmd",
  kind = { { 0, "2", 0 } }
}
{
  event = "msg_showcmd",
  kind = { { 0, "2", 0 } }
}
{
  event = "msg_showcmd",
  kind = { { 0, "2", 0 } }
}
{
  event = "msg_showcmd",
  kind = { { 0, "~@k", 0 } }
}
{
  event = "msg_showcmd",
  kind = { { 0, "3", 0 } }
}
{
  event = "msg_showcmd",
  kind = { { 0, "3", 0 } }
}
{
  event = "msg_showcmd",
  kind = { { 0, "~@k", 0 } }
}
{
  event = "msg_showcmd",
  kind = { { 0, "4", 0 } }
}
{
  event = "msg_showcmd",
  kind = { { 0, "4", 0 } }
}
{
  event = "msg_showcmd",
  kind = { { 0, "4", 0 } }
}
{
  event = "msg_showcmd",
  kind = { { 0, "4", 0 } }
}
{
  event = "msg_showcmd",
  kind = { { 0, "~@k", 0 } }
}
{
  event = "msg_showcmd",
  kind = { { 0, "5", 0 } }
}
{
  event = "msg_showcmd",
  kind = { { 0, "5", 0 } }
}
{
  event = "msg_showcmd",
  kind = { { 0, "~@k", 0 } }
}
{
  event = "msg_showcmd",
  kind = { { 0, "6", 0 } }
}
{
  event = "msg_showcmd",
  kind = { { 0, "6", 0 } }
}
{
  event = "msg_showcmd",
  kind = { { 0, "~@k", 0 } }
}
{
  event = "msg_showcmd",
  kind = { { 0, "7", 0 } }
}
{
  event = "msg_showcmd",
  kind = { { 0, "7", 0 } }
}
{
  event = "msg_showcmd",
  kind = { { 0, "~@k", 0 } }
}
{
  event = "msg_showcmd",
  kind = { { 0, "8", 0 } }
}
{
  event = "msg_showcmd",
  kind = { { 0, "8", 0 } }
}
{
  event = "msg_showcmd",
  kind = { { 0, "~@k", 0 } }
}
{
  event = "msg_showcmd",
  kind = { { 0, "9", 0 } }
}
{
  event = "msg_showcmd",
  kind = { { 0, "9", 0 } }
}
{
  event = "msg_showcmd",
  kind = { { 0, "~@k", 0 } }
}
{
  event = "msg_showcmd",
  kind = { { 0, "10", 0 } }
}
{
  event = "msg_showcmd",
  kind = { { 0, "10", 0 } }
}
{
  event = "msg_showcmd",
  kind = { { 0, "~@k", 0 } }
}
{
  event = "msg_showcmd",
  kind = { { 0, "11", 0 } }
}
{
  event = "msg_showcmd",
  kind = { { 0, "11", 0 } }
}
{
  event = "msg_showcmd",
  kind = { { 0, "~@k", 0 } }
}
{
  event = "msg_showcmd",
  kind = { { 0, "12", 0 } }
}
{
  event = "msg_showcmd",
  kind = { { 0, "12", 0 } }
}
{
  event = "msg_showcmd",
  kind = { { 0, "~@k", 0 } }
}
{
  event = "msg_showcmd",
  kind = { { 0, "13", 0 } }
}
{
  event = "msg_showcmd",
  kind = { { 0, "13", 0 } }
}
{
  event = "msg_showcmd",
  kind = { { 0, "~@k", 0 } }
}
{
  event = "msg_showcmd",
  kind = { { 0, "14", 0 } }
}
{
  event = "msg_showcmd",
  kind = { { 0, "14", 0 } }
}
{
  event = "msg_showcmd",
  kind = { { 0, "~@k", 0 } }
}
{
  event = "msg_showcmd",
  kind = { { 0, "15", 0 } }
}
{
  event = "msg_showcmd",
  kind = { { 0, "15", 0 } }
}
{
  event = "msg_showcmd",
  kind = { { 0, "~@k", 0 } }
}
{
  event = "msg_showcmd",
  kind = { { 0, "16", 0 } }
}
{
  event = "msg_showcmd",
  kind = { { 0, "16", 0 } }
}
{
  event = "msg_showcmd",
  kind = { { 0, "~@k", 0 } }
}
{
  event = "msg_showcmd",
  kind = { { 0, "17", 0 } }
}
{
  event = "msg_showcmd",
  kind = { { 0, "17", 0 } }
}
{
  event = "msg_showcmd",
  kind = { { 0, "~@k", 0 } }
}
{
  event = "msg_showcmd",
  kind = { { 0, "18", 0 } }
}
{
  event = "msg_showcmd",
  kind = { { 0, "18", 0 } }
}
{
  event = "msg_showcmd",
  kind = { { 0, "~@k", 0 } }
}
{
  event = "msg_showcmd",
  kind = { { 0, "19", 0 } }
}
{
  event = "msg_showcmd",
  kind = { { 0, "19", 0 } }
}
{
  event = "msg_showcmd",
  kind = { { 0, "~@k", 0 } }
}
{
  event = "msg_showcmd",
  kind = { { 0, "20", 0 } }
}
{
  event = "msg_showcmd",
  kind = { { 0, "20", 0 } }
}
{
  event = "msg_showcmd",
  kind = { { 0, "~@k", 0 } }
}
{
  event = "msg_showcmd",
  kind = { { 0, "21", 0 } }
}
{
  event = "msg_showcmd",
  kind = { { 0, "21", 0 } }
}
{
  event = "msg_showcmd",
  kind = { { 0, "~@k", 0 } }
}
{
  event = "msg_showcmd",
  kind = { { 0, "22", 0 } }
}
{
  event = "msg_showcmd",
  kind = { { 0, "22", 0 } }
}
{
  event = "msg_showcmd",
  kind = { { 0, "~@k", 0 } }
}
{
  event = "msg_showcmd",
  kind = { { 0, "23", 0 } }
}
{
  event = "msg_showcmd",
  kind = { { 0, "23", 0 } }
}
{
  event = "msg_showcmd",
  kind = { { 0, "~@k", 0 } }
}
{
  event = "msg_showcmd",
  kind = { { 0, "24", 0 } }
}
{
  event = "msg_showcmd",
  kind = { { 0, "24", 0 } }
}
{
  event = "msg_showcmd",
  kind = { { 0, "~@k", 0 } }
}
{
  event = "msg_showcmd",
  kind = { { 0, "25", 0 } }
}
{
  event = "msg_showcmd",
  kind = { { 0, "25", 0 } }
}
{
  event = "msg_showcmd",
  kind = { { 0, "~@k", 0 } }
}
{
  event = "msg_showcmd",
  kind = { { 0, "26", 0 } }
}
{
  event = "msg_showcmd",
  kind = { { 0, "26", 0 } }
}
{
  event = "msg_showcmd",
  kind = { { 0, "~@k", 0 } }
}
{
  event = "msg_showcmd",
  kind = { { 0, "27", 0 } }
}
{
  event = "msg_showcmd",
  kind = { { 0, "27", 0 } }
}
{
  event = "msg_showcmd",
  kind = { { 0, "~@k", 0 } }
}
{
  event = "msg_showcmd",
  kind = { { 0, "28", 0 } }
}
{
  event = "msg_showcmd",
  kind = { { 0, "28", 0 } }
}
{
  event = "msg_showcmd",
  kind = { { 0, "~@k", 0 } }
}
{
  event = "msg_showcmd",
  kind = { { 0, "29", 0 } }
}
{
  event = "msg_showcmd",
  kind = { { 0, "29", 0 } }
}
{
  event = "msg_showcmd",
  kind = { { 0, "~@k", 0 } }
}
{
  event = "msg_showcmd",
  kind = { { 0, "30", 0 } }
}
{
  event = "msg_showcmd",
  kind = { { 0, "30", 0 } }
}
{
  event = "msg_showcmd",
  kind = { { 0, "~@k", 0 } }
}
{
  event = "msg_showcmd",
  kind = { { 0, "31", 0 } }
}
{
  event = "msg_showcmd",
  kind = { { 0, "31", 0 } }
}
{
  event = "msg_showcmd",
  kind = { { 0, "~@k", 0 } }
}
{
  event = "msg_showcmd",
  kind = { { 0, "32", 0 } }
}
{
  event = "msg_showcmd",
  kind = { { 0, "32", 0 } }
}
{
  event = "msg_showcmd",
  kind = { { 0, "~@k", 0 } }
}
{
  event = "msg_showcmd",
  kind = { { 0, "33", 0 } }
}
{
  event = "msg_showcmd",
  kind = { { 0, "33", 0 } }
}
{
  event = "msg_showcmd",
  kind = { { 0, "~@k", 0 } }
}
{
  event = "msg_showcmd",
  kind = { { 0, "34", 0 } }
}
{
  event = "msg_showcmd",
  kind = { { 0, "34", 0 } }
}
{
  event = "msg_showcmd",
  kind = { { 0, "~@k", 0 } }
}
{
  event = "msg_showcmd",
  kind = { { 0, "35", 0 } }
}
{
  event = "msg_showcmd",
  kind = { { 0, "35", 0 } }
}
{
  event = "msg_showcmd",
  kind = { { 0, "~@k", 0 } }
}
{
  event = "msg_showcmd",
  kind = { { 0, "36", 0 } }
}
{
  event = "msg_showcmd",
  kind = { { 0, "36", 0 } }
}
{
  event = "msg_showcmd",
  kind = { { 0, "36", 0 } }
}
{
  event = "msg_showcmd",
  kind = { { 0, "36", 0 } }
}
{
  event = "msg_showcmd",
  kind = { { 0, "36", 0 } }
}
{
  event = "msg_showcmd",
  kind = { { 0, "36", 0 } }
}
{
  event = "msg_showcmd",
  kind = { { 0, "36", 0 } }
}
{
  event = "msg_showcmd",
  kind = { { 0, "36", 0 } }
}
{
  event = "msg_showcmd",
  kind = { { 0, "36", 0 } }
}
{
  event = "msg_showcmd",
  kind = { { 0, "36", 0 } }
}
{
  event = "msg_showcmd",
  kind = { { 0, "36", 0 } }
}
{
  event = "msg_showcmd",
  kind = { { 0, "36", 0 } }
}
{
  event = "msg_showcmd",
  kind = { { 0, "36", 0 } }
}
{
  event = "msg_showcmd",
  kind = { { 0, "36", 0 } }
}
{
  event = "msg_showcmd",
  kind = { { 0, "36", 0 } }
}
{
  event = "msg_showcmd",
  kind = { { 0, "36", 0 } }
}
{
  event = "msg_showcmd",
  kind = { { 0, "36", 0 } }
}
{
  event = "msg_showcmd",
  kind = { { 0, "36", 0 } }
}
{
  event = "msg_showcmd",
  kind = { { 0, "36", 0 } }
}
{
  event = "msg_showcmd",
  kind = { { 0, "36", 0 } }
}
{
  event = "msg_showcmd",
  kind = { { 0, "36", 0 } }
}
{
  event = "msg_showcmd",
  kind = { { 0, "36", 0 } }
}
{
  event = "msg_showcmd",
  kind = { { 0, "36", 0 } }
}
{
  event = "msg_showcmd",
  kind = { { 0, "36", 0 } }
}
{
  event = "msg_showcmd",
  kind = { { 0, "36", 0 } }
}
{
  event = "msg_showcmd",
  kind = { { 0, "36", 0 } }
}
{
  event = "msg_showcmd",
  kind = { { 0, "36", 0 } }
}
{
  event = "msg_showcmd",
  kind = { { 0, "36", 0 } }
}
{
  event = "msg_showcmd",
  kind = { { 0, "36", 0 } }
}
{
  event = "msg_showcmd",
  kind = { { 0, "36", 0 } }
}
{
  event = "msg_showcmd",
  kind = { { 0, "36", 0 } }
}
{
  event = "msg_showcmd",
  kind = { { 0, "36", 0 } }
}
{
  event = "msg_showcmd",
  kind = { { 0, "36", 0 } }
}
{
  event = "msg_showcmd",
  kind = { { 0, "36", 0 } }
}
{
  event = "msg_showcmd",
  kind = { { 0, "36", 0 } }
}
{
  event = "msg_showcmd",
  kind = { { 0, "36", 0 } }
}
{
  event = "msg_showcmd",
  kind = { { 0, "36", 0 } }
}
{
  event = "msg_showcmd",
  kind = { { 0, "36", 0 } }
}
{
  event = "msg_showcmd",
  kind = { { 0, "36", 0 } }
}
{
  event = "msg_showcmd",
  kind = { { 0, "36", 0 } }
}
{
  event = "msg_showcmd",
  kind = { { 0, "36", 0 } }
}
{
  event = "msg_showcmd",
  kind = { { 0, "36", 0 } }
}
{
  event = "msg_showcmd",
  kind = { { 0, "36", 0 } }
}
{
  event = "msg_showcmd",
  kind = { { 0, "36", 0 } }
}
{
  event = "msg_showcmd",
  kind = { { 0, "36", 0 } }
}
{
  event = "msg_showcmd",
  kind = { { 0, "36", 0 } }
}
{
  event = "msg_showcmd",
  kind = { { 0, "36", 0 } }
}
{
  event = "msg_showcmd",
  kind = { { 0, "36", 0 } }
}
{
  event = "msg_showcmd",
  kind = { { 0, "36", 0 } }
}
{
  event = "msg_showcmd",
  kind = { { 0, "36", 0 } }
}
{
  event = "msg_showcmd",
  kind = { { 0, "36", 0 } }
}
{
  event = "msg_showcmd",
  kind = { { 0, "36", 0 } }
}
{
  event = "msg_showcmd",
  kind = { { 0, "36", 0 } }
}
{
  event = "msg_showcmd",
  kind = { { 0, "36", 0 } }
}
{
  event = "msg_showcmd",
  kind = { { 0, "36", 0 } }
}
{
  event = "msg_showcmd",
  kind = { { 0, "36", 0 } }
}
{
  event = "msg_showcmd",
  kind = { { 0, "36", 0 } }
}
{
  event = "msg_showcmd",
  kind = { { 0, "36", 0 } }
}
{
  event = "msg_showcmd",
  kind = { { 0, "36", 0 } }
}
{
  event = "msg_showcmd",
  kind = { { 0, "36", 0 } }
}
{
  event = "msg_showcmd",
  kind = { { 0, "36", 0 } }
}
{
  event = "msg_showcmd",
  kind = { { 0, "36", 0 } }
}
{
  event = "msg_showcmd",
  kind = { { 0, "36", 0 } }
}
{
  event = "msg_showcmd",
  kind = { { 0, "36", 0 } }
}
{
  event = "msg_showcmd",
  kind = { { 0, "36", 0 } }
}
{
  event = "msg_showcmd",
  kind = { { 0, "36", 0 } }
}
{
  event = "msg_showcmd",
  kind = { { 0, "36", 0 } }
}
{
  event = "msg_showcmd",
  kind = { { 0, "36", 0 } }
}
{
  event = "msg_showcmd",
  kind = { { 0, "36", 0 } }
}
{
  event = "msg_showcmd",
  kind = { { 0, "36", 0 } }
}
{
  event = "msg_showcmd",
  kind = { { 0, "36", 0 } }
}
{
  event = "msg_showcmd",
  kind = { { 0, "36", 0 } }
}
{
  event = "msg_showcmd",
  kind = { { 0, "36", 0 } }
}
{
  event = "msg_showcmd",
  kind = { { 0, "36", 0 } }
}
{
  event = "msg_showcmd",
  kind = { { 0, "36", 0 } }
}
{
  event = "msg_showcmd",
  kind = { { 0, "36", 0 } }
}
{
  event = "msg_showcmd",
  kind = { { 0, "36", 0 } }
}
{
  event = "msg_showcmd",
  kind = { { 0, "36", 0 } }
}
{
  event = "msg_showcmd",
  kind = { { 0, "36", 0 } }
}
{
  event = "msg_showcmd",
  kind = { { 0, "36", 0 } }
}
{
  event = "msg_showcmd",
  kind = { { 0, "36", 0 } }
}
{
  event = "msg_showcmd",
  kind = { { 0, "36", 0 } }
}
{
  event = "msg_showcmd",
  kind = { { 0, "36", 0 } }
}
{
  event = "msg_showcmd",
  kind = { { 0, "36", 0 } }
}
{
  event = "msg_showcmd",
  kind = { { 0, "36", 0 } }
}
{
  event = "msg_showcmd",
  kind = { { 0, "36", 0 } }
}
{
  event = "msg_showcmd",
  kind = { { 0, "36", 0 } }
}
{
  event = "msg_showcmd",
  kind = { { 0, "36", 0 } }
}
{
  event = "msg_showcmd",
  kind = { { 0, "36", 0 } }
}
{
  event = "msg_showcmd",
  kind = { { 0, "36", 0 } }
}
{
  event = "msg_showcmd",
  kind = { { 0, "36", 0 } }
}
{
  event = "msg_showcmd",
  kind = { { 0, "36", 0 } }
}
{
  event = "msg_showcmd",
  kind = { { 0, "36", 0 } }
}
{
  event = "msg_showcmd",
  kind = { { 0, "36", 0 } }
}
{
  event = "msg_showcmd",
  kind = { { 0, "36", 0 } }
}
{
  event = "msg_showcmd",
  kind = { { 0, "36", 0 } }
}
{
  event = "msg_showcmd",
  kind = { { 0, "36", 0 } }
}
{
  event = "msg_showcmd",
  kind = { { 0, "36", 0 } }
}
{
  event = "msg_showcmd",
  kind = { { 0, "36", 0 } }
}
{
  event = "msg_showcmd",
  kind = { { 0, "36", 0 } }
}
{
  event = "msg_showcmd",
  kind = { { 0, "36", 0 } }
}
{
  event = "msg_showcmd",
  kind = { { 0, "36", 0 } }
}
{
  event = "msg_showcmd",
  kind = { { 0, "36", 0 } }
}
{
  event = "msg_showcmd",
  kind = { { 0, "36", 0 } }
}
{
  event = "msg_showcmd",
  kind = { { 0, "36", 0 } }
}
{
  event = "msg_showcmd",
  kind = { { 0, "36", 0 } }
}
{
  event = "msg_showcmd",
  kind = { { 0, "36", 0 } }
}
{
  event = "msg_showcmd",
  kind = { { 0, "36", 0 } }
}
{
  event = "msg_showcmd",
  kind = { { 0, "36", 0 } }
}
{
  event = "msg_showcmd",
  kind = { { 0, "36", 0 } }
}
{
  event = "msg_showcmd",
  kind = { { 0, "36", 0 } }
}
{
  event = "msg_showcmd",
  kind = { { 0, "36", 0 } }
}
{
  event = "msg_showcmd",
  kind = { { 0, "36", 0 } }
}
{
  event = "msg_showcmd",
  kind = { { 0, "36", 0 } }
}
{
  event = "msg_showcmd",
  kind = { { 0, "36", 0 } }
}
{
  event = "msg_showcmd",
  kind = { { 0, "36", 0 } }
}
{
  event = "msg_showcmd",
  kind = { { 0, "36", 0 } }
}
{
  event = "msg_showcmd",
  kind = { { 0, "36", 0 } }
}
{
  event = "msg_showcmd",
  kind = { { 0, "36", 0 } }
}
{
  event = "msg_showcmd",
  kind = { { 0, "36", 0 } }
}
{
  event = "msg_showcmd",
  kind = { { 0, "36", 0 } }
}
{
  event = "msg_showcmd",
  kind = { { 0, "36", 0 } }
}
{
  event = "msg_showcmd",
  kind = { { 0, "36", 0 } }
}
{
  event = "msg_showcmd",
  kind = { { 0, "36", 0 } }
}
{
  event = "msg_showcmd",
  kind = { { 0, "36", 0 } }
}
{
  event = "msg_showcmd",
  kind = { { 0, "36", 0 } }
}
{
  event = "msg_showcmd",
  kind = { { 0, "36", 0 } }
}
{
  event = "msg_showcmd",
  kind = { { 0, "36", 0 } }
}
{
  event = "msg_showcmd",
  kind = { { 0, "36", 0 } }
}
{
  event = "msg_showcmd",
  kind = { { 0, "36", 0 } }
}
{
  event = "msg_showcmd",
  kind = { { 0, "36", 0 } }
}
{
  event = "msg_showcmd",
  kind = { { 0, "36", 0 } }
}
{
  event = "msg_showcmd",
  kind = { { 0, "36", 0 } }
}
{
  event = "msg_showcmd",
  kind = { { 0, "36", 0 } }
}
{
  event = "msg_showcmd",
  kind = { { 0, "36", 0 } }
}
{
  event = "msg_showcmd",
  kind = { { 0, "36", 0 } }
}
{
  event = "msg_showcmd",
  kind = { { 0, "36", 0 } }
}
{
  event = "msg_showcmd",
  kind = { { 0, "36", 0 } }
}
{
  event = "msg_showcmd",
  kind = { { 0, "36", 0 } }
}
{
  event = "msg_showcmd",
  kind = { { 0, "36", 0 } }
}
{
  event = "msg_showcmd",
  kind = { { 0, "36", 0 } }
}
{
  event = "msg_showcmd",
  kind = { { 0, "36", 0 } }
}
{
  event = "msg_showcmd",
  kind = { { 0, "36", 0 } }
}
{
  event = "msg_showcmd",
  kind = { { 0, "36", 0 } }
}
{
  event = "msg_showcmd",
  kind = { { 0, "36", 0 } }
}
{
  event = "msg_showcmd",
  kind = { { 0, "36", 0 } }
}
{
  event = "msg_showcmd",
  kind = { { 0, "36", 0 } }
}
{
  event = "msg_showcmd",
  kind = { { 0, "36", 0 } }
}
{
  event = "msg_showcmd",
  kind = { { 0, "36", 0 } }
}
{
  event = "msg_showcmd",
  kind = { { 0, "36", 0 } }
}
{
  event = "msg_showcmd",
  kind = { { 0, "36", 0 } }
}
{
  event = "msg_showcmd",
  kind = { { 0, "36", 0 } }
}
{
  event = "msg_showcmd",
  kind = { { 0, "36", 0 } }
}
{
  event = "msg_showcmd",
  kind = { { 0, "36", 0 } }
}
{
  event = "msg_showcmd",
  kind = { { 0, "36", 0 } }
}
{
  event = "msg_showcmd",
  kind = { { 0, "36", 0 } }
}
{
  event = "msg_showcmd",
  kind = { { 0, "36", 0 } }
}
{
  event = "msg_showcmd",
  kind = { { 0, "36", 0 } }
}
{
  event = "msg_showcmd",
  kind = { { 0, "gj", 0 } }
}
{
  event = "msg_showcmd",
  kind = { { 0, "2", 0 } }
}
{
  event = "msg_showcmd",
  kind = { { 0, "2", 0 } }
}
{
  event = "msg_showcmd",
  kind = { { 0, "gj", 0 } }
}
{
  event = "msg_showcmd",
  kind = { { 0, "3", 0 } }
}
{
  event = "msg_showcmd",
  kind = { { 0, "3", 0 } }
}
{
  event = "msg_showcmd",
  kind = { { 0, "3", 0 } }
}
{
  event = "msg_showcmd",
  kind = { { 0, "3", 0 } }
}
{
  event = "msg_showcmd",
  kind = { { 0, "3", 0 } }
}
{
  event = "msg_showcmd",
  kind = { { 0, "3", 0 } }
}
{
  event = "msg_showcmd",
  kind = { { 0, "3", 0 } }
}
{
  event = "msg_showcmd",
  kind = { { 0, "3", 0 } }
}
{
  event = "msg_showcmd",
  kind = { { 0, "3", 0 } }
}
{
  event = "msg_showcmd",
  kind = { { 0, "3", 0 } }
}
{
  event = "msg_showcmd",
  kind = { { 0, "3", 0 } }
}
{
  event = "msg_showcmd",
  kind = { { 0, "gk", 0 } }
}
{
  event = "msg_showcmd",
  kind = { { 0, "2", 0 } }
}
{
  event = "msg_showcmd",
  kind = { { 0, "2", 0 } }
}
{
  event = "msg_showcmd",
  kind = { { 0, "2", 0 } }
}
{
  event = "msg_showcmd",
  kind = { { 0, "2", 0 } }
}
{
  event = "msg_showcmd",
  kind = { { 0, "2", 0 } }
}
{
  event = "msg_showcmd",
  kind = {}
}
{
  event = "msg_showcmd",
  kind = { { 0, "gk", 0 } }
}
{
  event = "msg_showcmd",
  kind = {}
}
{
  event = "msg_showcmd",
  kind = { { 0, "gk", 0 } }
}
{
  event = "msg_showcmd",
  kind = {}
}
{
  event = "msg_showcmd",
  kind = { { 0, "gj", 0 } }
}
{
  event = "msg_showcmd",
  kind = {}
}
{
  event = "msg_showcmd",
  kind = { { 0, "gj", 0 } }
}
{
  event = "msg_showcmd",
  kind = {}
}
{
  event = "msg_showcmd",
  kind = { { 0, "e", 0 } }
}
{
  event = "msg_showcmd",
  kind = {}
}
{
  event = "msg_showcmd",
  kind = { { 0, "e", 0 } }
}
{
  event = "msg_showcmd",
  kind = {}
}
{
  event = "msg_showcmd",
  kind = { { 0, "e", 0 } }
}
{
  event = "msg_showcmd",
  kind = {}
}
{
  event = "msg_showcmd",
  kind = { { 0, "gk", 0 } }
}
{
  event = "msg_showcmd",
  kind = {}
}
{
  event = "msg_showcmd",
  kind = { { 0, "e", 0 } }
}
{
  event = "msg_showcmd",
  kind = {}
}
{
  event = "msg_showcmd",
  kind = { { 0, "e", 0 } }
}
{
  event = "msg_showcmd",
  kind = {}
}
{
  event = "msg_showcmd",
  kind = { { 0, "e", 0 } }
}
{
  event = "msg_showcmd",
  kind = {}
}
{
  event = "msg_showcmd",
  kind = { { 0, "gk", 0 } }
}
{
  event = "msg_showcmd",
  kind = {}
}
{
  event = "msg_showcmd",
  kind = { { 0, "gk", 0 } }
}
{
  event = "msg_showcmd",
  kind = {}
}
{
  event = "msg_showcmd",
  kind = { { 0, "e", 0 } }
}
{
  event = "msg_showcmd",
  kind = {}
}
{
  event = "msg_showcmd",
  kind = { { 0, "o", 0 } }
}
{
  event = "msg_showcmd",
  kind = {}
}
{ { { 0, '"src/features/auth/screens/RegisterScreen.tsx" ', 0 } }, true, false,
  event = "msg_show",
  kind = "bufwrite"
}
{ { { 0, '"src/features/auth/screens/RegisterScreen.tsx" 180L, 5363B', 0 } }, true, true,
  event = "msg_show",
  kind = "bufwrite"
}
{
  event = "msg_showcmd",
  kind = { { 0, "^[", 0 } }
}
{
  event = "msg_showcmd",
  kind = {}
}
{
  event = "msg_showcmd",
  kind = { { 0, "gk", 0 } }
}
{
  event = "msg_showcmd",
  kind = {}
}
{
  event = "msg_showcmd",
  kind = { { 0, "gk", 0 } }
}
{
  event = "msg_showcmd",
  kind = {}
}
{
  event = "msg_clear"
}
